Using pre-set license
Built from '2020.3/staging' branch; Version is '2020.3.26f1 (7298b473bc1a) revision 7510196'; Using compiler version '192528614'; Build Type 'Release'
OS: 'Windows 10  (10.0.19044) 64bit Professional' Language: 'en' Physical Memory: 8152 MB
BatchMode: 1, IsHumanControllingUs: 0, StartBugReporterOnCrash: 0, Is64bit: 1, IsPro: 0

COMMAND LINE ARGUMENTS:
C:\Program Files\Unity\Hub\Editor\2020.3.26f1\Editor\Unity.exe
-adb2
-batchMode
-noUpm
-name
AssetImportWorker0
-projectPath
D:/work/ComPro/BlackShine/BlackShine_Unity
-logFile
Logs/AssetImportWorker0.log
-srvPort
55933
Successfully changed project path to: D:/work/ComPro/BlackShine/BlackShine_Unity
D:/work/ComPro/BlackShine/BlackShine_Unity
Using Asset Import Pipeline V2.
Refreshing native plugins compatible for Editor in 75.67 ms, found 3 plugins.
Preloading 0 native plugins for Editor in 0.00 ms.
Initialize engine version: 2020.3.26f1 (7298b473bc1a)
[Subsystems] Discovering subsystems at path C:/Program Files/Unity/Hub/Editor/2020.3.26f1/Editor/Data/Resources/UnitySubsystems
[Subsystems] Discovering subsystems at path D:/work/ComPro/BlackShine/BlackShine_Unity/Assets
GfxDevice: creating device client; threaded=0
Direct3D:
    Version:  Direct3D 11.0 [level 11.1]
    Renderer: NVIDIA GeForce GTX 1070 (ID=0x1b81)
    Vendor:   
    VRAM:     8088 MB
    Driver:   27.21.14.5671
Initialize mono
Mono path[0] = 'C:/Program Files/Unity/Hub/Editor/2020.3.26f1/Editor/Data/Managed'
Mono path[1] = 'C:/Program Files/Unity/Hub/Editor/2020.3.26f1/Editor/Data/MonoBleedingEdge/lib/mono/unityjit'
Mono config path = 'C:/Program Files/Unity/Hub/Editor/2020.3.26f1/Editor/Data/MonoBleedingEdge/etc'
Using monoOptions --debugger-agent=transport=dt_socket,embedding=1,server=y,suspend=n,address=127.0.0.1:56120
Begin MonoManager ReloadAssembly
Registering precompiled unity dll's ...
Register platform support module: C:/Program Files/Unity/Hub/Editor/2020.3.26f1/Editor/Data/PlaybackEngines/WebGLSupport/UnityEditor.WebGL.Extensions.dll
Register platform support module: C:/Program Files/Unity/Hub/Editor/2020.3.26f1/Editor/Data/PlaybackEngines/WindowsStandaloneSupport/UnityEditor.WindowsStandalone.Extensions.dll
Registered in 0.002899 seconds.
Native extension for WindowsStandalone target not found
Native extension for WebGL target not found
Refreshing native plugins compatible for Editor in 63.98 ms, found 3 plugins.
Preloading 0 native plugins for Editor in 0.00 ms.
Mono: successfully reloaded assembly
- Completed reload, in  0.675 seconds
Domain Reload Profiling:
	ReloadAssembly (676ms)
		BeginReloadAssembly (60ms)
			ExecutionOrderSort (0ms)
			DisableScriptedObjects (0ms)
			BackupInstance (0ms)
			ReleaseScriptingObjects (0ms)
			CreateAndSetChildDomain (1ms)
		EndReloadAssembly (533ms)
			LoadAssemblies (58ms)
			RebuildTransferFunctionScriptingTraits (0ms)
			SetupTypeCache (173ms)
			ReleaseScriptCaches (0ms)
			RebuildScriptCaches (38ms)
			SetupLoadedEditorAssemblies (212ms)
				LogAssemblyErrors (0ms)
				InitializePlatformSupportModulesInManaged (7ms)
				SetLoadedEditorAssemblies (1ms)
				RefreshPlugins (64ms)
				BeforeProcessingInitializeOnLoad (17ms)
				ProcessInitializeOnLoadAttributes (92ms)
				ProcessInitializeOnLoadMethodAttributes (31ms)
				AfterProcessingInitializeOnLoad (0ms)
				EditorAssembliesLoaded (0ms)
			ExecutionOrderSort2 (0ms)
			AwakeInstancesAfterBackupRestoration (0ms)
Platform modules already initialized, skipping
Registering precompiled user dll's ...
Registered in 0.003681 seconds.
Begin MonoManager ReloadAssembly
Native extension for WindowsStandalone target not found
Native extension for WebGL target not found
Refreshing native plugins compatible for Editor in 67.96 ms, found 3 plugins.
Preloading 0 native plugins for Editor in 0.00 ms.
Mono: successfully reloaded assembly
- Completed reload, in  1.470 seconds
Domain Reload Profiling:
	ReloadAssembly (1471ms)
		BeginReloadAssembly (163ms)
			ExecutionOrderSort (0ms)
			DisableScriptedObjects (6ms)
			BackupInstance (0ms)
			ReleaseScriptingObjects (0ms)
			CreateAndSetChildDomain (20ms)
		EndReloadAssembly (1237ms)
			LoadAssemblies (112ms)
			RebuildTransferFunctionScriptingTraits (0ms)
			SetupTypeCache (411ms)
			ReleaseScriptCaches (0ms)
			RebuildScriptCaches (68ms)
			SetupLoadedEditorAssemblies (504ms)
				LogAssemblyErrors (0ms)
				InitializePlatformSupportModulesInManaged (5ms)
				SetLoadedEditorAssemblies (0ms)
				RefreshPlugins (68ms)
				BeforeProcessingInitializeOnLoad (94ms)
				ProcessInitializeOnLoadAttributes (310ms)
				ProcessInitializeOnLoadMethodAttributes (19ms)
				AfterProcessingInitializeOnLoad (7ms)
				EditorAssembliesLoaded (0ms)
			ExecutionOrderSort2 (0ms)
			AwakeInstancesAfterBackupRestoration (7ms)
Platform modules already initialized, skipping
========================================================================
Worker process is ready to serve import requests
Launched and connected shader compiler UnityShaderCompiler.exe after 0.09 seconds
Refreshing native plugins compatible for Editor in 0.59 ms, found 3 plugins.
Preloading 0 native plugins for Editor in 0.00 ms.
Unloading 2686 Unused Serialized files (Serialized files now loaded: 0)
System memory in use before: 126.4 MB.
System memory in use after: 126.6 MB.

Unloading 32 unused Assets to reduce memory usage. Loaded Objects now: 3137.
Total: 4.585800 ms (FindLiveObjects: 0.213500 ms CreateObjectMapping: 0.144900 ms MarkObjects: 4.112400 ms  DeleteObjects: 0.113900 ms)

AssetImportParameters requested are different than current active one (requested -> active):
  custom:framework-win-MediaFoundation: 216162199b28c13a410421893ffa2e32 -> 
  custom:video-decoder-ogg-theora: a1e56fd34408186e4bbccfd4996cb3dc -> 
  custom:container-muxer-webm: aa71ff27fc2769a1b78a27578f13a17b -> 
  custom:container-demuxer-webm: 4f35f7cbe854078d1ac9338744f61a02 -> 
  custom:container-demuxer-ogg: 62fdf1f143b41e24485cea50d1cbac27 -> 
  custom:video-encoder-webm-vp8: eb34c28f22e8b96e1ab97ce403110664 -> 
  custom:video-decoder-webm-vp8: 9c59270c3fd7afecdb556c50c9e8de78 -> 
  custom:audio-decoder-ogg-vorbis: bf7c407c2cedff20999df2af8eb42d56 -> 
  custom:audio-encoder-webm-vorbis: bf7c407c2cedff20999df2af8eb42d56 -> 
========================================================================
Received Import Request.
  path: ProjectSettings/TagManager.asset
  artifactKey: Guid(00000000000000003000000000000000) Importer(815301076,1909f56bfc062723c751e8b465ee728b)
Start importing ProjectSettings/TagManager.asset using Guid(00000000000000003000000000000000) Importer(815301076,1909f56bfc062723c751e8b465ee728b)  -> (artifact id: '95df672b4aaba54310d34c83eef51bb8') in 0.046352 seconds 
  Import took 0.051066 seconds .

========================================================================
Received Import Request.
  Time since last request: 314.312090 seconds.
  path: Assets/Art/Character/Slime.png
  artifactKey: Guid(7cb6045fd40963c4380422b198afd2bc) Importer(815301076,1909f56bfc062723c751e8b465ee728b)
Start importing Assets/Art/Character/Slime.png using Guid(7cb6045fd40963c4380422b198afd2bc) Importer(815301076,1909f56bfc062723c751e8b465ee728b)  -> (artifact id: '34ae4ff3f8d9e27321e88eb6ffb1ecac') in 0.080664 seconds 
  Import took 0.086529 seconds .

========================================================================
Received Import Request.
  Time since last request: 8.914235 seconds.
  path: Assets/Art/Character/Slime.png
  artifactKey: Guid(7cb6045fd40963c4380422b198afd2bc) Importer(815301076,1909f56bfc062723c751e8b465ee728b)
Start importing Assets/Art/Character/Slime.png using Guid(7cb6045fd40963c4380422b198afd2bc) Importer(815301076,1909f56bfc062723c751e8b465ee728b)  -> (artifact id: '4ab8a845ba19cd22ce658c9aa13feeed') in 0.016956 seconds 
  Import took 0.022417 seconds .

========================================================================
Received Import Request.
  Time since last request: 11.493095 seconds.
  path: Assets/Art/Character/Slime.png
  artifactKey: Guid(7cb6045fd40963c4380422b198afd2bc) Importer(815301076,1909f56bfc062723c751e8b465ee728b)
Start importing Assets/Art/Character/Slime.png using Guid(7cb6045fd40963c4380422b198afd2bc) Importer(815301076,1909f56bfc062723c751e8b465ee728b)  -> (artifact id: '03ae423bf4d95f594d2b5c3dd114af0a') in 0.026850 seconds 
  Import took 0.031928 seconds .

========================================================================
Received Import Request.
  Time since last request: 58.776149 seconds.
  path: Assets/Charaters
  artifactKey: Guid(b2cdf511793ecc2498e61bf46314455a) Importer(815301076,1909f56bfc062723c751e8b465ee728b)
Start importing Assets/Charaters using Guid(b2cdf511793ecc2498e61bf46314455a) Importer(815301076,1909f56bfc062723c751e8b465ee728b)  -> (artifact id: '619a339305b02cf34c12c3050483d47a') in 0.008513 seconds 
  Import took 0.012913 seconds .

========================================================================
Received Import Request.
  Time since last request: 7.323469 seconds.
  path: Assets/Charaters/Slime
  artifactKey: Guid(11af0cca1c0771f45a02f6ebabfa70c7) Importer(815301076,1909f56bfc062723c751e8b465ee728b)
Start importing Assets/Charaters/Slime using Guid(11af0cca1c0771f45a02f6ebabfa70c7) Importer(815301076,1909f56bfc062723c751e8b465ee728b)  -> (artifact id: 'b9d93815f593dcacab1f6326e0724553') in 0.002464 seconds 
  Import took 0.008578 seconds .

========================================================================
Received Import Request.
  Time since last request: 6.610536 seconds.
  path: Assets/Charaters/Slime/Slime.prefab
  artifactKey: Guid(1de55f598331c36498e2e412c7d4f4dd) Importer(815301076,1909f56bfc062723c751e8b465ee728b)
Start importing Assets/Charaters/Slime/Slime.prefab using Guid(1de55f598331c36498e2e412c7d4f4dd) Importer(815301076,1909f56bfc062723c751e8b465ee728b)  -> (artifact id: '2a73473a698c89db33605a657d6c3f1f') in 0.063516 seconds 
  Import took 0.070919 seconds .

========================================================================
Received Import Request.
  Time since last request: 31.212725 seconds.
  path: Assets/Charaters/Slime/Slime.prefab
  artifactKey: Guid(1de55f598331c36498e2e412c7d4f4dd) Importer(815301076,1909f56bfc062723c751e8b465ee728b)
Start importing Assets/Charaters/Slime/Slime.prefab using Guid(1de55f598331c36498e2e412c7d4f4dd) Importer(815301076,1909f56bfc062723c751e8b465ee728b)  -> (artifact id: '9f9716586ff63b4a343a1a00031d86f9') in 0.012237 seconds 
  Import took 0.017069 seconds .

========================================================================
Received Import Request.
  Time since last request: 7.441338 seconds.
  path: Assets/Charaters/Slime/Slime.prefab
  artifactKey: Guid(1de55f598331c36498e2e412c7d4f4dd) Importer(815301076,1909f56bfc062723c751e8b465ee728b)
Start importing Assets/Charaters/Slime/Slime.prefab using Guid(1de55f598331c36498e2e412c7d4f4dd) Importer(815301076,1909f56bfc062723c751e8b465ee728b)  -> (artifact id: 'fe980cd80bb5c13acd2e130e9cd2d994') in 0.014033 seconds 
  Import took 0.019911 seconds .

========================================================================
Received Import Request.
  Time since last request: 13.622870 seconds.
  path: Assets/Charaters/Slime/Slime.prefab
  artifactKey: Guid(1de55f598331c36498e2e412c7d4f4dd) Importer(815301076,1909f56bfc062723c751e8b465ee728b)
Start importing Assets/Charaters/Slime/Slime.prefab using Guid(1de55f598331c36498e2e412c7d4f4dd) Importer(815301076,1909f56bfc062723c751e8b465ee728b)  -> (artifact id: '11f226ff0ef7c42a177d3dfa5c1e31e1') in 0.008515 seconds 
  Import took 0.016521 seconds .

========================================================================
Received Import Request.
  Time since last request: 12.588054 seconds.
  path: Assets/Charaters/Slime/Slime.prefab
  artifactKey: Guid(1de55f598331c36498e2e412c7d4f4dd) Importer(815301076,1909f56bfc062723c751e8b465ee728b)
Start importing Assets/Charaters/Slime/Slime.prefab using Guid(1de55f598331c36498e2e412c7d4f4dd) Importer(815301076,1909f56bfc062723c751e8b465ee728b)  -> (artifact id: '701b4734b60c4b0606797b20dada30e6') in 0.008706 seconds 
  Import took 0.013765 seconds .

========================================================================
Received Import Request.
  Time since last request: 1.593652 seconds.
  path: Assets/Charaters/Slime/Slime.prefab
  artifactKey: Guid(1de55f598331c36498e2e412c7d4f4dd) Importer(815301076,1909f56bfc062723c751e8b465ee728b)
Start importing Assets/Charaters/Slime/Slime.prefab using Guid(1de55f598331c36498e2e412c7d4f4dd) Importer(815301076,1909f56bfc062723c751e8b465ee728b)  -> (artifact id: '6a9428363508facdadf728a2324793ed') in 0.008018 seconds 
  Import took 0.012941 seconds .

========================================================================
Received Import Request.
  Time since last request: 4.829530 seconds.
  path: Assets/Charaters/Slime/Slime.prefab
  artifactKey: Guid(1de55f598331c36498e2e412c7d4f4dd) Importer(815301076,1909f56bfc062723c751e8b465ee728b)
Start importing Assets/Charaters/Slime/Slime.prefab using Guid(1de55f598331c36498e2e412c7d4f4dd) Importer(815301076,1909f56bfc062723c751e8b465ee728b)  -> (artifact id: '41f6359939884d3fa2bd649aaf3e2aa8') in 0.008723 seconds 
  Import took 0.014793 seconds .

========================================================================
Received Import Request.
  Time since last request: 9.066977 seconds.
  path: Assets/Charaters/Slime/Slime.prefab
  artifactKey: Guid(1de55f598331c36498e2e412c7d4f4dd) Importer(815301076,1909f56bfc062723c751e8b465ee728b)
Start importing Assets/Charaters/Slime/Slime.prefab using Guid(1de55f598331c36498e2e412c7d4f4dd) Importer(815301076,1909f56bfc062723c751e8b465ee728b)  -> (artifact id: '19f121edbcea97c95a8858006240a517') in 0.009600 seconds 
  Import took 0.015062 seconds .

========================================================================
Received Import Request.
  Time since last request: 3.831786 seconds.
  path: Assets/Charaters/Slime/Slime.prefab
  artifactKey: Guid(1de55f598331c36498e2e412c7d4f4dd) Importer(815301076,1909f56bfc062723c751e8b465ee728b)
Start importing Assets/Charaters/Slime/Slime.prefab using Guid(1de55f598331c36498e2e412c7d4f4dd) Importer(815301076,1909f56bfc062723c751e8b465ee728b)  -> (artifact id: 'b32a5c2f2d12f445b69931897d5b994e') in 0.009223 seconds 
  Import took 0.014358 seconds .

========================================================================
Received Import Request.
  Time since last request: 1.790915 seconds.
  path: Assets/Charaters/Slime/Slime.prefab
  artifactKey: Guid(1de55f598331c36498e2e412c7d4f4dd) Importer(815301076,1909f56bfc062723c751e8b465ee728b)
Start importing Assets/Charaters/Slime/Slime.prefab using Guid(1de55f598331c36498e2e412c7d4f4dd) Importer(815301076,1909f56bfc062723c751e8b465ee728b)  -> (artifact id: 'ec418be4e5d1d8094ec70be46ba0ed98') in 0.009050 seconds 
  Import took 0.014495 seconds .

========================================================================
Received Import Request.
  Time since last request: 4.025886 seconds.
  path: Assets/Charaters/Slime/Slime.prefab
  artifactKey: Guid(1de55f598331c36498e2e412c7d4f4dd) Importer(815301076,1909f56bfc062723c751e8b465ee728b)
Start importing Assets/Charaters/Slime/Slime.prefab using Guid(1de55f598331c36498e2e412c7d4f4dd) Importer(815301076,1909f56bfc062723c751e8b465ee728b)  -> (artifact id: 'd00a5916c651544dd003297005374c0a') in 0.007928 seconds 
  Import took 0.012954 seconds .

========================================================================
Received Import Request.
  Time since last request: 1.199842 seconds.
  path: Assets/Charaters/Slime/Slime.prefab
  artifactKey: Guid(1de55f598331c36498e2e412c7d4f4dd) Importer(815301076,1909f56bfc062723c751e8b465ee728b)
Start importing Assets/Charaters/Slime/Slime.prefab using Guid(1de55f598331c36498e2e412c7d4f4dd) Importer(815301076,1909f56bfc062723c751e8b465ee728b)  -> (artifact id: '94b92537c771906674753b9d4ea52940') in 0.007679 seconds 
  Import took 0.013175 seconds .

========================================================================
Received Import Request.
  Time since last request: 1.393272 seconds.
  path: Assets/Charaters/Slime/Slime.prefab
  artifactKey: Guid(1de55f598331c36498e2e412c7d4f4dd) Importer(815301076,1909f56bfc062723c751e8b465ee728b)
Start importing Assets/Charaters/Slime/Slime.prefab using Guid(1de55f598331c36498e2e412c7d4f4dd) Importer(815301076,1909f56bfc062723c751e8b465ee728b)  -> (artifact id: '52970a4483c897dd07e278dfcd5053df') in 0.010531 seconds 
  Import took 0.015354 seconds .

========================================================================
Received Import Request.
  Time since last request: 1.200012 seconds.
  path: Assets/Charaters/Slime/Slime.prefab
  artifactKey: Guid(1de55f598331c36498e2e412c7d4f4dd) Importer(815301076,1909f56bfc062723c751e8b465ee728b)
Start importing Assets/Charaters/Slime/Slime.prefab using Guid(1de55f598331c36498e2e412c7d4f4dd) Importer(815301076,1909f56bfc062723c751e8b465ee728b)  -> (artifact id: 'c191d57ca1265adc48872296a5786078') in 0.006980 seconds 
  Import took 0.011726 seconds .

========================================================================
Received Import Request.
  Time since last request: 2.812686 seconds.
  path: Assets/Charaters/Slime/Slime.prefab
  artifactKey: Guid(1de55f598331c36498e2e412c7d4f4dd) Importer(815301076,1909f56bfc062723c751e8b465ee728b)
Start importing Assets/Charaters/Slime/Slime.prefab using Guid(1de55f598331c36498e2e412c7d4f4dd) Importer(815301076,1909f56bfc062723c751e8b465ee728b)  -> (artifact id: '7ffeb08342ff7805d65b79e1c2c4d64f') in 0.007928 seconds 
  Import took 0.012641 seconds .

========================================================================
Received Import Request.
  Time since last request: 2.205734 seconds.
  path: Assets/Charaters/Slime/Slime.prefab
  artifactKey: Guid(1de55f598331c36498e2e412c7d4f4dd) Importer(815301076,1909f56bfc062723c751e8b465ee728b)
Start importing Assets/Charaters/Slime/Slime.prefab using Guid(1de55f598331c36498e2e412c7d4f4dd) Importer(815301076,1909f56bfc062723c751e8b465ee728b)  -> (artifact id: '48f7d4ebc4c26dde9b0a69dce7af8f68') in 0.010081 seconds 
  Import took 0.015127 seconds .

========================================================================
Received Prepare
Registering precompiled user dll's ...
Registered in 0.003687 seconds.
Begin MonoManager ReloadAssembly
Native extension for WindowsStandalone target not found
Native extension for WebGL target not found
Refreshing native plugins compatible for Editor in 0.58 ms, found 3 plugins.
Preloading 0 native plugins for Editor in 0.00 ms.
Mono: successfully reloaded assembly
- Completed reload, in  1.299 seconds
Domain Reload Profiling:
	ReloadAssembly (1300ms)
		BeginReloadAssembly (129ms)
			ExecutionOrderSort (0ms)
			DisableScriptedObjects (7ms)
			BackupInstance (0ms)
			ReleaseScriptingObjects (0ms)
			CreateAndSetChildDomain (40ms)
		EndReloadAssembly (1096ms)
			LoadAssemblies (106ms)
			RebuildTransferFunctionScriptingTraits (0ms)
			SetupTypeCache (398ms)
			ReleaseScriptCaches (1ms)
			RebuildScriptCaches (49ms)
			SetupLoadedEditorAssemblies (419ms)
				LogAssemblyErrors (0ms)
				InitializePlatformSupportModulesInManaged (5ms)
				SetLoadedEditorAssemblies (1ms)
				RefreshPlugins (1ms)
				BeforeProcessingInitializeOnLoad (99ms)
				ProcessInitializeOnLoadAttributes (292ms)
				ProcessInitializeOnLoadMethodAttributes (13ms)
				AfterProcessingInitializeOnLoad (8ms)
				EditorAssembliesLoaded (0ms)
			ExecutionOrderSort2 (0ms)
			AwakeInstancesAfterBackupRestoration (11ms)
Platform modules already initialized, skipping
Refreshing native plugins compatible for Editor in 0.61 ms, found 3 plugins.
Preloading 0 native plugins for Editor in 0.00 ms.
Unloading 2674 Unused Serialized files (Serialized files now loaded: 0)
System memory in use before: 129.0 MB.
System memory in use after: 129.2 MB.

Unloading 20 unused Assets to reduce memory usage. Loaded Objects now: 3152.
Total: 3.276200 ms (FindLiveObjects: 0.206500 ms CreateObjectMapping: 0.136100 ms MarkObjects: 2.912100 ms  DeleteObjects: 0.020800 ms)

AssetImportParameters requested are different than current active one (requested -> active):
  custom:framework-win-MediaFoundation: 216162199b28c13a410421893ffa2e32 -> 
  custom:video-decoder-ogg-theora: a1e56fd34408186e4bbccfd4996cb3dc -> 
  custom:container-muxer-webm: aa71ff27fc2769a1b78a27578f13a17b -> 
  custom:container-demuxer-webm: 4f35f7cbe854078d1ac9338744f61a02 -> 
  custom:container-demuxer-ogg: 62fdf1f143b41e24485cea50d1cbac27 -> 
  custom:video-encoder-webm-vp8: eb34c28f22e8b96e1ab97ce403110664 -> 
  custom:video-decoder-webm-vp8: 9c59270c3fd7afecdb556c50c9e8de78 -> 
  custom:audio-decoder-ogg-vorbis: bf7c407c2cedff20999df2af8eb42d56 -> 
  custom:audio-encoder-webm-vorbis: bf7c407c2cedff20999df2af8eb42d56 -> 
========================================================================
Received Import Request.
  Time since last request: 24.702109 seconds.
  path: Assets/Charaters/Slime/Slime.prefab
  artifactKey: Guid(1de55f598331c36498e2e412c7d4f4dd) Importer(815301076,1909f56bfc062723c751e8b465ee728b)
Start importing Assets/Charaters/Slime/Slime.prefab using Guid(1de55f598331c36498e2e412c7d4f4dd) Importer(815301076,1909f56bfc062723c751e8b465ee728b)  -> (artifact id: '02aac7026c7b02a8e4b67753793e3dbb') in 0.058976 seconds 
  Import took 0.063483 seconds .

========================================================================
Received Prepare
Registering precompiled user dll's ...
Registered in 0.004529 seconds.
Begin MonoManager ReloadAssembly
Native extension for WindowsStandalone target not found
Native extension for WebGL target not found
Refreshing native plugins compatible for Editor in 0.75 ms, found 3 plugins.
Preloading 0 native plugins for Editor in 0.00 ms.
Mono: successfully reloaded assembly
- Completed reload, in  1.546 seconds
Domain Reload Profiling:
	ReloadAssembly (1547ms)
		BeginReloadAssembly (173ms)
			ExecutionOrderSort (0ms)
			DisableScriptedObjects (8ms)
			BackupInstance (0ms)
			ReleaseScriptingObjects (0ms)
			CreateAndSetChildDomain (65ms)
		EndReloadAssembly (1268ms)
			LoadAssemblies (119ms)
			RebuildTransferFunctionScriptingTraits (0ms)
			SetupTypeCache (463ms)
			ReleaseScriptCaches (2ms)
			RebuildScriptCaches (69ms)
			SetupLoadedEditorAssemblies (388ms)
				LogAssemblyErrors (0ms)
				InitializePlatformSupportModulesInManaged (7ms)
				SetLoadedEditorAssemblies (1ms)
				RefreshPlugins (1ms)
				BeforeProcessingInitializeOnLoad (100ms)
				ProcessInitializeOnLoadAttributes (260ms)
				ProcessInitializeOnLoadMethodAttributes (11ms)
				AfterProcessingInitializeOnLoad (7ms)
				EditorAssembliesLoaded (0ms)
			ExecutionOrderSort2 (0ms)
			AwakeInstancesAfterBackupRestoration (10ms)
Platform modules already initialized, skipping
Refreshing native plugins compatible for Editor in 0.61 ms, found 3 plugins.
Preloading 0 native plugins for Editor in 0.00 ms.
Unloading 2674 Unused Serialized files (Serialized files now loaded: 0)
System memory in use before: 129.0 MB.
System memory in use after: 129.2 MB.

Unloading 19 unused Assets to reduce memory usage. Loaded Objects now: 3155.
Total: 3.618900 ms (FindLiveObjects: 0.201900 ms CreateObjectMapping: 0.122400 ms MarkObjects: 3.274000 ms  DeleteObjects: 0.019300 ms)

AssetImportParameters requested are different than current active one (requested -> active):
  custom:framework-win-MediaFoundation: 216162199b28c13a410421893ffa2e32 -> 
  custom:video-decoder-ogg-theora: a1e56fd34408186e4bbccfd4996cb3dc -> 
  custom:container-muxer-webm: aa71ff27fc2769a1b78a27578f13a17b -> 
  custom:container-demuxer-webm: 4f35f7cbe854078d1ac9338744f61a02 -> 
  custom:container-demuxer-ogg: 62fdf1f143b41e24485cea50d1cbac27 -> 
  custom:video-encoder-webm-vp8: eb34c28f22e8b96e1ab97ce403110664 -> 
  custom:video-decoder-webm-vp8: 9c59270c3fd7afecdb556c50c9e8de78 -> 
  custom:audio-decoder-ogg-vorbis: bf7c407c2cedff20999df2af8eb42d56 -> 
  custom:audio-encoder-webm-vorbis: bf7c407c2cedff20999df2af8eb42d56 -> 
========================================================================
Received Import Request.
  Time since last request: 287.547261 seconds.
  path: Assets/Charaters/Slime/Slime.prefab
  artifactKey: Guid(1de55f598331c36498e2e412c7d4f4dd) Importer(815301076,1909f56bfc062723c751e8b465ee728b)
Start importing Assets/Charaters/Slime/Slime.prefab using Guid(1de55f598331c36498e2e412c7d4f4dd) Importer(815301076,1909f56bfc062723c751e8b465ee728b)  -> (artifact id: 'a951e4937034ab05d4e07ac8f53eaa8a') in 0.056581 seconds 
  Import took 0.061076 seconds .

========================================================================
Received Prepare
Registering precompiled user dll's ...
Registered in 0.004089 seconds.
Begin MonoManager ReloadAssembly
Native extension for WindowsStandalone target not found
Native extension for WebGL target not found
Refreshing native plugins compatible for Editor in 0.60 ms, found 3 plugins.
Preloading 0 native plugins for Editor in 0.00 ms.
Mono: successfully reloaded assembly
- Completed reload, in  1.309 seconds
Domain Reload Profiling:
	ReloadAssembly (1310ms)
		BeginReloadAssembly (141ms)
			ExecutionOrderSort (0ms)
			DisableScriptedObjects (7ms)
			BackupInstance (0ms)
			ReleaseScriptingObjects (0ms)
			CreateAndSetChildDomain (44ms)
		EndReloadAssembly (1084ms)
			LoadAssemblies (118ms)
			RebuildTransferFunctionScriptingTraits (0ms)
			SetupTypeCache (379ms)
			ReleaseScriptCaches (1ms)
			RebuildScriptCaches (72ms)
			SetupLoadedEditorAssemblies (388ms)
				LogAssemblyErrors (0ms)
				InitializePlatformSupportModulesInManaged (5ms)
				SetLoadedEditorAssemblies (1ms)
				RefreshPlugins (1ms)
				BeforeProcessingInitializeOnLoad (92ms)
				ProcessInitializeOnLoadAttributes (271ms)
				ProcessInitializeOnLoadMethodAttributes (11ms)
				AfterProcessingInitializeOnLoad (7ms)
				EditorAssembliesLoaded (0ms)
			ExecutionOrderSort2 (0ms)
			AwakeInstancesAfterBackupRestoration (11ms)
Platform modules already initialized, skipping
Refreshing native plugins compatible for Editor in 0.71 ms, found 3 plugins.
Preloading 0 native plugins for Editor in 0.00 ms.
Unloading 2674 Unused Serialized files (Serialized files now loaded: 0)
System memory in use before: 129.0 MB.
System memory in use after: 129.3 MB.

Unloading 19 unused Assets to reduce memory usage. Loaded Objects now: 3158.
Total: 6.393100 ms (FindLiveObjects: 0.348500 ms CreateObjectMapping: 0.245800 ms MarkObjects: 5.768300 ms  DeleteObjects: 0.028300 ms)

AssetImportParameters requested are different than current active one (requested -> active):
  custom:framework-win-MediaFoundation: 216162199b28c13a410421893ffa2e32 -> 
  custom:video-decoder-ogg-theora: a1e56fd34408186e4bbccfd4996cb3dc -> 
  custom:container-muxer-webm: aa71ff27fc2769a1b78a27578f13a17b -> 
  custom:container-demuxer-webm: 4f35f7cbe854078d1ac9338744f61a02 -> 
  custom:container-demuxer-ogg: 62fdf1f143b41e24485cea50d1cbac27 -> 
  custom:video-encoder-webm-vp8: eb34c28f22e8b96e1ab97ce403110664 -> 
  custom:video-decoder-webm-vp8: 9c59270c3fd7afecdb556c50c9e8de78 -> 
  custom:audio-decoder-ogg-vorbis: bf7c407c2cedff20999df2af8eb42d56 -> 
  custom:audio-encoder-webm-vorbis: bf7c407c2cedff20999df2af8eb42d56 -> 
========================================================================
Received Prepare
Registering precompiled user dll's ...
Registered in 0.107323 seconds.
Begin MonoManager ReloadAssembly
Native extension for WindowsStandalone target not found
Native extension for WebGL target not found
Refreshing native plugins compatible for Editor in 0.67 ms, found 3 plugins.
Preloading 0 native plugins for Editor in 0.00 ms.
Mono: successfully reloaded assembly
- Completed reload, in  1.305 seconds
Domain Reload Profiling:
	ReloadAssembly (1306ms)
		BeginReloadAssembly (118ms)
			ExecutionOrderSort (0ms)
			DisableScriptedObjects (7ms)
			BackupInstance (0ms)
			ReleaseScriptingObjects (0ms)
			CreateAndSetChildDomain (36ms)
		EndReloadAssembly (1107ms)
			LoadAssemblies (109ms)
			RebuildTransferFunctionScriptingTraits (0ms)
			SetupTypeCache (390ms)
			ReleaseScriptCaches (1ms)
			RebuildScriptCaches (51ms)
			SetupLoadedEditorAssemblies (405ms)
				LogAssemblyErrors (0ms)
				InitializePlatformSupportModulesInManaged (5ms)
				SetLoadedEditorAssemblies (1ms)
				RefreshPlugins (1ms)
				BeforeProcessingInitializeOnLoad (88ms)
				ProcessInitializeOnLoadAttributes (292ms)
				ProcessInitializeOnLoadMethodAttributes (11ms)
				AfterProcessingInitializeOnLoad (7ms)
				EditorAssembliesLoaded (0ms)
			ExecutionOrderSort2 (0ms)
			AwakeInstancesAfterBackupRestoration (9ms)
Platform modules already initialized, skipping
Refreshing native plugins compatible for Editor in 0.64 ms, found 3 plugins.
Preloading 0 native plugins for Editor in 0.00 ms.
Unloading 2674 Unused Serialized files (Serialized files now loaded: 0)
System memory in use before: 129.0 MB.
System memory in use after: 129.3 MB.

Unloading 19 unused Assets to reduce memory usage. Loaded Objects now: 3160.
Total: 4.276700 ms (FindLiveObjects: 0.282200 ms CreateObjectMapping: 0.129300 ms MarkObjects: 3.844200 ms  DeleteObjects: 0.019800 ms)

AssetImportParameters requested are different than current active one (requested -> active):
  custom:framework-win-MediaFoundation: 216162199b28c13a410421893ffa2e32 -> 
  custom:video-decoder-ogg-theora: a1e56fd34408186e4bbccfd4996cb3dc -> 
  custom:container-muxer-webm: aa71ff27fc2769a1b78a27578f13a17b -> 
  custom:container-demuxer-webm: 4f35f7cbe854078d1ac9338744f61a02 -> 
  custom:container-demuxer-ogg: 62fdf1f143b41e24485cea50d1cbac27 -> 
  custom:video-encoder-webm-vp8: eb34c28f22e8b96e1ab97ce403110664 -> 
  custom:video-decoder-webm-vp8: 9c59270c3fd7afecdb556c50c9e8de78 -> 
  custom:audio-decoder-ogg-vorbis: bf7c407c2cedff20999df2af8eb42d56 -> 
  custom:audio-encoder-webm-vorbis: bf7c407c2cedff20999df2af8eb42d56 -> 
========================================================================
Received Prepare
Registering precompiled user dll's ...
Registered in 0.003958 seconds.
Begin MonoManager ReloadAssembly
Native extension for WindowsStandalone target not found
Native extension for WebGL target not found
Refreshing native plugins compatible for Editor in 0.89 ms, found 3 plugins.
Preloading 0 native plugins for Editor in 0.00 ms.
Mono: successfully reloaded assembly
- Completed reload, in  1.585 seconds
Domain Reload Profiling:
	ReloadAssembly (1586ms)
		BeginReloadAssembly (157ms)
			ExecutionOrderSort (0ms)
			DisableScriptedObjects (8ms)
			BackupInstance (0ms)
			ReleaseScriptingObjects (0ms)
			CreateAndSetChildDomain (41ms)
		EndReloadAssembly (1324ms)
			LoadAssemblies (156ms)
			RebuildTransferFunctionScriptingTraits (0ms)
			SetupTypeCache (392ms)
			ReleaseScriptCaches (1ms)
			RebuildScriptCaches (52ms)
			SetupLoadedEditorAssemblies (595ms)
				LogAssemblyErrors (0ms)
				InitializePlatformSupportModulesInManaged (9ms)
				SetLoadedEditorAssemblies (1ms)
				RefreshPlugins (1ms)
				BeforeProcessingInitializeOnLoad (114ms)
				ProcessInitializeOnLoadAttributes (451ms)
				ProcessInitializeOnLoadMethodAttributes (11ms)
				AfterProcessingInitializeOnLoad (8ms)
				EditorAssembliesLoaded (0ms)
			ExecutionOrderSort2 (0ms)
			AwakeInstancesAfterBackupRestoration (10ms)
Platform modules already initialized, skipping
Refreshing native plugins compatible for Editor in 0.60 ms, found 3 plugins.
Preloading 0 native plugins for Editor in 0.00 ms.
Unloading 2675 Unused Serialized files (Serialized files now loaded: 0)
System memory in use before: 129.0 MB.
System memory in use after: 129.2 MB.

Unloading 19 unused Assets to reduce memory usage. Loaded Objects now: 3163.
Total: 3.568900 ms (FindLiveObjects: 0.212700 ms CreateObjectMapping: 0.123200 ms MarkObjects: 3.214100 ms  DeleteObjects: 0.017900 ms)

AssetImportParameters requested are different than current active one (requested -> active):
  custom:framework-win-MediaFoundation: 216162199b28c13a410421893ffa2e32 -> 
  custom:video-decoder-ogg-theora: a1e56fd34408186e4bbccfd4996cb3dc -> 
  custom:container-muxer-webm: aa71ff27fc2769a1b78a27578f13a17b -> 
  custom:container-demuxer-webm: 4f35f7cbe854078d1ac9338744f61a02 -> 
  custom:container-demuxer-ogg: 62fdf1f143b41e24485cea50d1cbac27 -> 
  custom:video-encoder-webm-vp8: eb34c28f22e8b96e1ab97ce403110664 -> 
  custom:video-decoder-webm-vp8: 9c59270c3fd7afecdb556c50c9e8de78 -> 
  custom:audio-decoder-ogg-vorbis: bf7c407c2cedff20999df2af8eb42d56 -> 
  custom:audio-encoder-webm-vorbis: bf7c407c2cedff20999df2af8eb42d56 -> 
========================================================================
Received Import Request.
  Time since last request: 684.924812 seconds.
  path: Assets/Art/Weapon/Hit/KunaiHit.prefab
  artifactKey: Guid(1719fec2d20d9ed4ab525fdb1ca3fb61) Importer(815301076,1909f56bfc062723c751e8b465ee728b)
Start importing Assets/Art/Weapon/Hit/KunaiHit.prefab using Guid(1719fec2d20d9ed4ab525fdb1ca3fb61) Importer(815301076,1909f56bfc062723c751e8b465ee728b)  -> (artifact id: 'a13f0a728c98558da0d909141a64e3bc') in 0.195658 seconds 
  Import took 0.203119 seconds .

========================================================================
Received Import Request.
  Time since last request: 51.528827 seconds.
  path: Assets/Art/Weapon/Hit/KunaiHit.prefab
  artifactKey: Guid(1719fec2d20d9ed4ab525fdb1ca3fb61) Importer(815301076,1909f56bfc062723c751e8b465ee728b)
Start importing Assets/Art/Weapon/Hit/KunaiHit.prefab using Guid(1719fec2d20d9ed4ab525fdb1ca3fb61) Importer(815301076,1909f56bfc062723c751e8b465ee728b)  -> (artifact id: '96d32867227cea59a7a1f5093eaa019d') in 0.015755 seconds 
  Import took 0.025781 seconds .

========================================================================
Received Prepare
Registering precompiled user dll's ...
Registered in 0.003686 seconds.
Begin MonoManager ReloadAssembly
Native extension for WindowsStandalone target not found
Native extension for WebGL target not found
Refreshing native plugins compatible for Editor in 0.71 ms, found 3 plugins.
Preloading 0 native plugins for Editor in 0.00 ms.
Mono: successfully reloaded assembly
- Completed reload, in  1.223 seconds
Domain Reload Profiling:
	ReloadAssembly (1224ms)
		BeginReloadAssembly (118ms)
			ExecutionOrderSort (0ms)
			DisableScriptedObjects (7ms)
			BackupInstance (0ms)
			ReleaseScriptingObjects (0ms)
			CreateAndSetChildDomain (37ms)
		EndReloadAssembly (1039ms)
			LoadAssemblies (97ms)
			RebuildTransferFunctionScriptingTraits (0ms)
			SetupTypeCache (352ms)
			ReleaseScriptCaches (1ms)
			RebuildScriptCaches (50ms)
			SetupLoadedEditorAssemblies (411ms)
				LogAssemblyErrors (0ms)
				InitializePlatformSupportModulesInManaged (5ms)
				SetLoadedEditorAssemblies (1ms)
				RefreshPlugins (1ms)
				BeforeProcessingInitializeOnLoad (88ms)
				ProcessInitializeOnLoadAttributes (298ms)
				ProcessInitializeOnLoadMethodAttributes (11ms)
				AfterProcessingInitializeOnLoad (7ms)
				EditorAssembliesLoaded (0ms)
			ExecutionOrderSort2 (0ms)
			AwakeInstancesAfterBackupRestoration (10ms)
Platform modules already initialized, skipping
Refreshing native plugins compatible for Editor in 0.67 ms, found 3 plugins.
Preloading 0 native plugins for Editor in 0.00 ms.
Unloading 2675 Unused Serialized files (Serialized files now loaded: 0)
System memory in use before: 129.1 MB.
System memory in use after: 129.3 MB.

Unloading 19 unused Assets to reduce memory usage. Loaded Objects now: 3166.
Total: 3.391300 ms (FindLiveObjects: 0.273200 ms CreateObjectMapping: 0.172400 ms MarkObjects: 2.925100 ms  DeleteObjects: 0.019800 ms)

AssetImportParameters requested are different than current active one (requested -> active):
  custom:framework-win-MediaFoundation: 216162199b28c13a410421893ffa2e32 -> 
  custom:video-decoder-ogg-theora: a1e56fd34408186e4bbccfd4996cb3dc -> 
  custom:container-muxer-webm: aa71ff27fc2769a1b78a27578f13a17b -> 
  custom:container-demuxer-webm: 4f35f7cbe854078d1ac9338744f61a02 -> 
  custom:container-demuxer-ogg: 62fdf1f143b41e24485cea50d1cbac27 -> 
  custom:video-encoder-webm-vp8: eb34c28f22e8b96e1ab97ce403110664 -> 
  custom:video-decoder-webm-vp8: 9c59270c3fd7afecdb556c50c9e8de78 -> 
  custom:audio-decoder-ogg-vorbis: bf7c407c2cedff20999df2af8eb42d56 -> 
  custom:audio-encoder-webm-vorbis: bf7c407c2cedff20999df2af8eb42d56 -> 
========================================================================
Received Prepare
Registering precompiled user dll's ...
Registered in 0.003960 seconds.
Begin MonoManager ReloadAssembly
Native extension for WindowsStandalone target not found
Native extension for WebGL target not found
Refreshing native plugins compatible for Editor in 0.67 ms, found 3 plugins.
Preloading 0 native plugins for Editor in 0.00 ms.
Mono: successfully reloaded assembly
- Completed reload, in  1.307 seconds
Domain Reload Profiling:
	ReloadAssembly (1307ms)
		BeginReloadAssembly (120ms)
			ExecutionOrderSort (0ms)
			DisableScriptedObjects (8ms)
			BackupInstance (0ms)
			ReleaseScriptingObjects (0ms)
			CreateAndSetChildDomain (37ms)
		EndReloadAssembly (1116ms)
			LoadAssemblies (107ms)
			RebuildTransferFunctionScriptingTraits (0ms)
			SetupTypeCache (365ms)
			ReleaseScriptCaches (1ms)
			RebuildScriptCaches (53ms)
			SetupLoadedEditorAssemblies (461ms)
				LogAssemblyErrors (0ms)
				InitializePlatformSupportModulesInManaged (5ms)
				SetLoadedEditorAssemblies (1ms)
				RefreshPlugins (1ms)
				BeforeProcessingInitializeOnLoad (94ms)
				ProcessInitializeOnLoadAttributes (341ms)
				ProcessInitializeOnLoadMethodAttributes (12ms)
				AfterProcessingInitializeOnLoad (8ms)
				EditorAssembliesLoaded (0ms)
			ExecutionOrderSort2 (0ms)
			AwakeInstancesAfterBackupRestoration (11ms)
Platform modules already initialized, skipping
Refreshing native plugins compatible for Editor in 0.62 ms, found 3 plugins.
Preloading 0 native plugins for Editor in 0.00 ms.
Unloading 2675 Unused Serialized files (Serialized files now loaded: 0)
System memory in use before: 129.1 MB.
System memory in use after: 129.3 MB.

Unloading 19 unused Assets to reduce memory usage. Loaded Objects now: 3168.
Total: 4.619200 ms (FindLiveObjects: 0.267000 ms CreateObjectMapping: 0.347800 ms MarkObjects: 3.978500 ms  DeleteObjects: 0.024700 ms)

AssetImportParameters requested are different than current active one (requested -> active):
  custom:framework-win-MediaFoundation: 216162199b28c13a410421893ffa2e32 -> 
  custom:video-decoder-ogg-theora: a1e56fd34408186e4bbccfd4996cb3dc -> 
  custom:container-muxer-webm: aa71ff27fc2769a1b78a27578f13a17b -> 
  custom:container-demuxer-webm: 4f35f7cbe854078d1ac9338744f61a02 -> 
  custom:container-demuxer-ogg: 62fdf1f143b41e24485cea50d1cbac27 -> 
  custom:video-encoder-webm-vp8: eb34c28f22e8b96e1ab97ce403110664 -> 
  custom:video-decoder-webm-vp8: 9c59270c3fd7afecdb556c50c9e8de78 -> 
  custom:audio-decoder-ogg-vorbis: bf7c407c2cedff20999df2af8eb42d56 -> 
  custom:audio-encoder-webm-vorbis: bf7c407c2cedff20999df2af8eb42d56 -> 
========================================================================
Received Prepare
Registering precompiled user dll's ...
Registered in 0.003734 seconds.
Begin MonoManager ReloadAssembly
Native extension for WindowsStandalone target not found
Native extension for WebGL target not found
Refreshing native plugins compatible for Editor in 0.87 ms, found 3 plugins.
Preloading 0 native plugins for Editor in 0.00 ms.
Mono: successfully reloaded assembly
- Completed reload, in  1.299 seconds
Domain Reload Profiling:
	ReloadAssembly (1300ms)
		BeginReloadAssembly (118ms)
			ExecutionOrderSort (0ms)
			DisableScriptedObjects (7ms)
			BackupInstance (0ms)
			ReleaseScriptingObjects (0ms)
			CreateAndSetChildDomain (38ms)
		EndReloadAssembly (1112ms)
			LoadAssemblies (101ms)
			RebuildTransferFunctionScriptingTraits (0ms)
			SetupTypeCache (379ms)
			ReleaseScriptCaches (1ms)
			RebuildScriptCaches (56ms)
			SetupLoadedEditorAssemblies (397ms)
				LogAssemblyErrors (0ms)
				InitializePlatformSupportModulesInManaged (5ms)
				SetLoadedEditorAssemblies (1ms)
				RefreshPlugins (1ms)
				BeforeProcessingInitializeOnLoad (91ms)
				ProcessInitializeOnLoadAttributes (276ms)
				ProcessInitializeOnLoadMethodAttributes (14ms)
				AfterProcessingInitializeOnLoad (9ms)
				EditorAssembliesLoaded (0ms)
			ExecutionOrderSort2 (0ms)
			AwakeInstancesAfterBackupRestoration (11ms)
Platform modules already initialized, skipping
Refreshing native plugins compatible for Editor in 0.62 ms, found 3 plugins.
Preloading 0 native plugins for Editor in 0.00 ms.
Unloading 2675 Unused Serialized files (Serialized files now loaded: 0)
System memory in use before: 129.1 MB.
System memory in use after: 129.3 MB.

Unloading 19 unused Assets to reduce memory usage. Loaded Objects now: 3170.
Total: 3.758200 ms (FindLiveObjects: 0.241100 ms CreateObjectMapping: 0.210200 ms MarkObjects: 3.284700 ms  DeleteObjects: 0.021100 ms)

AssetImportParameters requested are different than current active one (requested -> active):
  custom:framework-win-MediaFoundation: 216162199b28c13a410421893ffa2e32 -> 
  custom:video-decoder-ogg-theora: a1e56fd34408186e4bbccfd4996cb3dc -> 
  custom:container-muxer-webm: aa71ff27fc2769a1b78a27578f13a17b -> 
  custom:container-demuxer-webm: 4f35f7cbe854078d1ac9338744f61a02 -> 
  custom:container-demuxer-ogg: 62fdf1f143b41e24485cea50d1cbac27 -> 
  custom:video-encoder-webm-vp8: eb34c28f22e8b96e1ab97ce403110664 -> 
  custom:video-decoder-webm-vp8: 9c59270c3fd7afecdb556c50c9e8de78 -> 
  custom:audio-decoder-ogg-vorbis: bf7c407c2cedff20999df2af8eb42d56 -> 
  custom:audio-encoder-webm-vorbis: bf7c407c2cedff20999df2af8eb42d56 -> 
========================================================================
Received Prepare
Registering precompiled user dll's ...
Registered in 0.006195 seconds.
Begin MonoManager ReloadAssembly
Native extension for WindowsStandalone target not found
Native extension for WebGL target not found
Refreshing native plugins compatible for Editor in 0.63 ms, found 3 plugins.
Preloading 0 native plugins for Editor in 0.00 ms.
Mono: successfully reloaded assembly
- Completed reload, in  1.265 seconds
Domain Reload Profiling:
	ReloadAssembly (1266ms)
		BeginReloadAssembly (117ms)
			ExecutionOrderSort (0ms)
			DisableScriptedObjects (8ms)
			BackupInstance (0ms)
			ReleaseScriptingObjects (0ms)
			CreateAndSetChildDomain (36ms)
		EndReloadAssembly (1075ms)
			LoadAssemblies (103ms)
			RebuildTransferFunctionScriptingTraits (0ms)
			SetupTypeCache (403ms)
			ReleaseScriptCaches (1ms)
			RebuildScriptCaches (51ms)
			SetupLoadedEditorAssemblies (393ms)
				LogAssemblyErrors (0ms)
				InitializePlatformSupportModulesInManaged (5ms)
				SetLoadedEditorAssemblies (1ms)
				RefreshPlugins (1ms)
				BeforeProcessingInitializeOnLoad (92ms)
				ProcessInitializeOnLoadAttributes (276ms)
				ProcessInitializeOnLoadMethodAttributes (11ms)
				AfterProcessingInitializeOnLoad (8ms)
				EditorAssembliesLoaded (0ms)
			ExecutionOrderSort2 (0ms)
			AwakeInstancesAfterBackupRestoration (10ms)
Platform modules already initialized, skipping
Refreshing native plugins compatible for Editor in 0.58 ms, found 3 plugins.
Preloading 0 native plugins for Editor in 0.00 ms.
Unloading 2675 Unused Serialized files (Serialized files now loaded: 0)
System memory in use before: 129.1 MB.
System memory in use after: 129.3 MB.

Unloading 19 unused Assets to reduce memory usage. Loaded Objects now: 3172.
Total: 3.654900 ms (FindLiveObjects: 0.212900 ms CreateObjectMapping: 0.224100 ms MarkObjects: 3.197400 ms  DeleteObjects: 0.019500 ms)

AssetImportParameters requested are different than current active one (requested -> active):
  custom:framework-win-MediaFoundation: 216162199b28c13a410421893ffa2e32 -> 
  custom:video-decoder-ogg-theora: a1e56fd34408186e4bbccfd4996cb3dc -> 
  custom:container-muxer-webm: aa71ff27fc2769a1b78a27578f13a17b -> 
  custom:container-demuxer-webm: 4f35f7cbe854078d1ac9338744f61a02 -> 
  custom:container-demuxer-ogg: 62fdf1f143b41e24485cea50d1cbac27 -> 
  custom:video-encoder-webm-vp8: eb34c28f22e8b96e1ab97ce403110664 -> 
  custom:video-decoder-webm-vp8: 9c59270c3fd7afecdb556c50c9e8de78 -> 
  custom:audio-decoder-ogg-vorbis: bf7c407c2cedff20999df2af8eb42d56 -> 
  custom:audio-encoder-webm-vorbis: bf7c407c2cedff20999df2af8eb42d56 -> 
AssetImportWorkerClient::OnTransportError - code=2 error=End of file
